  [1m[35m (819.4ms)[0m  [1m[35mCREATE DATABASE "w3d3_hw_development" ENCODING = 'unicode'[0m
  ↳ /Users/Rikey/.rbenv/versions/2.3.1/bin/rake:23
  [1m[35m (595.8ms)[0m  [1m[35mCREATE DATABASE "w3d3_hw_test" ENCODING = 'unicode'[0m
  ↳ /Users/Rikey/.rbenv/versions/2.3.1/bin/rake:23
  [1m[35m (45.0ms)[0m  [1m[35mCREATE TABLE "schema_migrations" ("version" character varying NOT NULL PRIMARY KEY)[0m
  ↳ /Users/Rikey/.rbenv/versions/2.3.1/bin/rake:23
  [1m[35m (29.2ms)[0m  [1m[35mCREATE TABLE "ar_internal_metadata" ("key" character varying NOT NULL PRIMARY KEY, "value" character varying, "created_at" timestamp NOT NULL, "updated_at" timestamp NOT NULL)[0m
  ↳ /Users/Rikey/.rbenv/versions/2.3.1/bin/rake:23
  [1m[35m (1.2ms)[0m  [1m[34mSELECT pg_try_advisory_lock(8200878683920209315)[0m
  ↳ /Users/Rikey/.rbenv/versions/2.3.1/bin/rake:23
  [1m[35m (1.2ms)[0m  [1m[34mSELECT "schema_migrations"."version" FROM "schema_migrations" ORDER BY "schema_migrations"."version" ASC[0m
  ↳ /Users/Rikey/.rbenv/versions/2.3.1/bin/rake:23
Migrating to CreatePerson (20181107060926)
  [1m[35m (0.4ms)[0m  [1m[35mBEGIN[0m
  ↳ /Users/Rikey/.rbenv/versions/2.3.1/bin/rake:23
  [1m[35m (60.4ms)[0m  [1m[35mCREATE TABLE "people" ("id" bigserial primary key, "name" character varying NOT NULL, "house_id" integer NOT NULL, "created_at" timestamp NOT NULL, "updated_at" timestamp NOT NULL)[0m
  ↳ db/migrate/20181107060926_create_person.rb:3
  [1m[36mActiveRecord::SchemaMigration Create (3.9ms)[0m  [1m[32mINSERT INTO "schema_migrations" ("version") VALUES ($1) RETURNING "version"[0m  [["version", "20181107060926"]]
  ↳ /Users/Rikey/.rbenv/versions/2.3.1/bin/rake:23
  [1m[35m (0.7ms)[0m  [1m[35mCOMMIT[0m
  ↳ /Users/Rikey/.rbenv/versions/2.3.1/bin/rake:23
  [1m[36mActiveRecord::InternalMetadata Load (1.0ms)[0m  [1m[34mSELECT  "ar_internal_metadata".* FROM "ar_internal_metadata" WHERE "ar_internal_metadata"."key" = $1 LIMIT $2[0m  [["key", "environment"], ["LIMIT", 1]]
  ↳ /Users/Rikey/.rbenv/versions/2.3.1/bin/rake:23
  [1m[35m (1.5ms)[0m  [1m[35mBEGIN[0m
  ↳ /Users/Rikey/.rbenv/versions/2.3.1/bin/rake:23
  [1m[36mActiveRecord::InternalMetadata Create (11.3ms)[0m  [1m[32mINSERT INTO "ar_internal_metadata" ("key", "value", "created_at", "updated_at") VALUES ($1, $2, $3, $4) RETURNING "key"[0m  [["key", "environment"], ["value", "development"], ["created_at", "2018-11-07 06:26:56.417191"], ["updated_at", "2018-11-07 06:26:56.417191"]]
  ↳ /Users/Rikey/.rbenv/versions/2.3.1/bin/rake:23
  [1m[35m (0.6ms)[0m  [1m[35mCOMMIT[0m
  ↳ /Users/Rikey/.rbenv/versions/2.3.1/bin/rake:23
  [1m[35m (0.4ms)[0m  [1m[34mSELECT pg_advisory_unlock(8200878683920209315)[0m
  ↳ /Users/Rikey/.rbenv/versions/2.3.1/bin/rake:23
  [1m[35m (10.7ms)[0m  [1m[34mSELECT "schema_migrations"."version" FROM "schema_migrations" ORDER BY "schema_migrations"."version" ASC[0m
  ↳ /Users/Rikey/.rbenv/versions/2.3.1/bin/rake:23
  [1m[35m (0.3ms)[0m  [1m[34mSELECT pg_try_advisory_lock(8200878683920209315)[0m
  ↳ /Users/Rikey/.rbenv/versions/2.3.1/bin/rake:23
  [1m[35m (1.0ms)[0m  [1m[34mSELECT "schema_migrations"."version" FROM "schema_migrations" ORDER BY "schema_migrations"."version" ASC[0m
  ↳ /Users/Rikey/.rbenv/versions/2.3.1/bin/rake:23
Migrating to CreateHouses (20181107062852)
  [1m[35m (0.2ms)[0m  [1m[35mBEGIN[0m
  ↳ /Users/Rikey/.rbenv/versions/2.3.1/bin/rake:23
  [1m[35m (35.7ms)[0m  [1m[35mCREATE TABLE "houses" ("id" bigserial primary key, "address" character varying NOT NULL, "created_at" timestamp NOT NULL, "updated_at" timestamp NOT NULL)[0m
  ↳ db/migrate/20181107062852_create_houses.rb:3
  [1m[36mActiveRecord::SchemaMigration Create (0.8ms)[0m  [1m[32mINSERT INTO "schema_migrations" ("version") VALUES ($1) RETURNING "version"[0m  [["version", "20181107062852"]]
  ↳ /Users/Rikey/.rbenv/versions/2.3.1/bin/rake:23
  [1m[35m (1.3ms)[0m  [1m[35mCOMMIT[0m
  ↳ /Users/Rikey/.rbenv/versions/2.3.1/bin/rake:23
  [1m[36mActiveRecord::InternalMetadata Load (11.9ms)[0m  [1m[34mSELECT  "ar_internal_metadata".* FROM "ar_internal_metadata" WHERE "ar_internal_metadata"."key" = $1 LIMIT $2[0m  [["key", "environment"], ["LIMIT", 1]]
  ↳ /Users/Rikey/.rbenv/versions/2.3.1/bin/rake:23
  [1m[35m (0.2ms)[0m  [1m[35mBEGIN[0m
  ↳ /Users/Rikey/.rbenv/versions/2.3.1/bin/rake:23
  [1m[35m (0.2ms)[0m  [1m[35mCOMMIT[0m
  ↳ /Users/Rikey/.rbenv/versions/2.3.1/bin/rake:23
  [1m[35m (0.4ms)[0m  [1m[34mSELECT pg_advisory_unlock(8200878683920209315)[0m
  ↳ /Users/Rikey/.rbenv/versions/2.3.1/bin/rake:23
  [1m[35m (0.6ms)[0m  [1m[34mSELECT "schema_migrations"."version" FROM "schema_migrations" ORDER BY "schema_migrations"."version" ASC[0m
  ↳ /Users/Rikey/.rbenv/versions/2.3.1/bin/rake:23
  [1m[36mPerson Load (10.7ms)[0m  [1m[34mSELECT "people".* FROM "people"[0m
  [1m[36mPerson Load (1.2ms)[0m  [1m[34mSELECT "people".* FROM "people"[0m
